Command line:
"travis"


   ________                                 __
  /        |                               /  |
  ########/ ______    ______    __     __  ##/    _______
     ## |  /      \  /      \  /  \   /  | /  |  /       |
     ## | /######  | ######  | ##  \ /##/  ## | /#######/
     ## | ## |  ##/  /    ## |  ##  /##/   ## | ##      \
     ## | ## |      /####### |   ## ##/    ## |  ######  |
     ## | ## |      ##    ## |    ###/     ## | /     ##/
     ##/  ##/        #######/      #/      ##/  #######/

     TRajectory Analyzer and VISualizer  -  Open-source freeware under GNU GPL v3

     Copyright (c) Martin Brehm      (2009-2019), University of Halle (Saale)
                   Martin Thomas     (2012-2019)
                   Sascha Gehrke     (2016-2019), University of Bonn
                   Barbara Kirchner  (2009-2019), University of Bonn

     http://www.travis-analyzer.de

     Please cite: M. Brehm, B. Kirchner: J. Chem. Inf. Model. 2011, 51 (8), pp 2007-2023.

     There is absolutely no warranty on any results obtained from TRAVIS.

  #  Running on Ubuntu-18-CyA-2122 at Fri Dec 24 17:06:25 2021 (PID 182003)
  #  Running in /home/usuario/sistemas-y-tecnologias-web-proyecto-final
  #  Code version: Jan 01 2019,  Compiled at Mar 22 2020, 16:01:08,  Compiler "9.3.0", GCC 9.3.0
  #  Target platform: Linux,  Compile flags: DEBUG_ARRAYS 
  #  Machine: int=4b, long=8b, addr=8b, 0xA0B0C0D0=D0,C0,B0,A0.
  #  Home: /home/usuario,  Executable: /usr/local/bin/travis
  #  Input from terminal,  Output to terminal

 >>> Please use a color scheme with dark background or specify "-nocolor"! <<<

    Loading configuration from /home/usuario/.travis.conf ...

    No trajectory file specified.
    Please use the "-p" flag to specify an input trajectory in the command line.

    Enter the file name of the trajectory file to open: [Quit] 

*** SIGINT caught: Hard interrupt by user ***
Stopping execution.
Decoding line numbers... ("addr2line <addr> -f -i -C -e /usr/local/bin/travis")
 # 13 - [0x55754bc30e51] 
 # 12 - [0x55754bc314ed] 
 # 11 - [0x55754bc315b8] 
 # 10 - [0x7ff653cd3210] 
 #  9 - [0x7ff653d9e140] 
 #  8 - [0x7ff653d20d1f] 
 #  7 - [0x7ff653d22106] 
 #  6 - [0x7ff653d139ec] 
 #  5 - [0x7ff653d1284a] 
 #  4 - [0x55754bd2a654] 
 #  3 - [0x55754bb9c9ce] 
 #  2 - [0x7ff653cb40b3] 
 #  1 - [0x55754bbcc0ce] 
Delivering control to operating system.
